0 info it worked if it ends with ok
1 verbose cli [ '/usr/bin/node', '/usr/bin/npm', 'link', 'lodash' ]
2 info using npm@3.5.2
3 info using node@v8.10.0
4 silly loadCurrentTree Starting
5 silly install loadCurrentTree
6 silly install readGlobalPackageData
7 silly fetchPackageMetaData lodash
8 silly fetchNamedPackageData lodash
9 silly mapToRegistry name lodash
10 silly mapToRegistry using default registry
11 silly mapToRegistry registry https://registry.npmjs.org/
12 silly mapToRegistry uri https://registry.npmjs.org/lodash
13 verbose request uri https://registry.npmjs.org/lodash
14 verbose request no auth needed
15 info attempt registry request try #1 at 10:57:44 AM
16 verbose request id 6db0f77cc312785e
17 http request GET https://registry.npmjs.org/lodash
18 http 200 https://registry.npmjs.org/lodash
19 verbose headers { date: 'Thu, 13 Sep 2018 17:57:44 GMT',
19 verbose headers   'content-type': 'application/json',
19 verbose headers   'transfer-encoding': 'chunked',
19 verbose headers   connection: 'keep-alive',
19 verbose headers   'set-cookie':
19 verbose headers    [ '__cfduid=dee7cdeea14986e076690bc310783ed901536861464; expires=Fri, 13-Sep-19 17:57:44 GMT; path=/; domain=.registry.npmjs.org; HttpOnly' ],
19 verbose headers   'cf-cache-status': 'HIT',
19 verbose headers   'cache-control': 'max-age=300',
19 verbose headers   'cf-ray': '459c7f774d2b7fb6-SAN',
19 verbose headers   etag: 'W/"f8d42bf377590cc604269a5b5a5b8de5"',
19 verbose headers   'expect-ct': 'max-age=604800, report-uri="https://report-uri.cloudflare.com/cdn-cgi/beacon/expect-ct"',
19 verbose headers   'last-modified': 'Wed, 12 Sep 2018 18:32:21 GMT',
19 verbose headers   vary: 'accept-encoding, accept',
19 verbose headers   'x-amz-meta-rev': '2452-4f7cbb1fa40241eec3ada3fe5d9d28d6',
19 verbose headers   server: 'cloudflare',
19 verbose headers   'content-encoding': 'gzip' }
20 silly get cb [ 200,
20 silly get   { date: 'Thu, 13 Sep 2018 17:57:44 GMT',
20 silly get     'content-type': 'application/json',
20 silly get     'transfer-encoding': 'chunked',
20 silly get     connection: 'keep-alive',
20 silly get     'set-cookie':
20 silly get      [ '__cfduid=dee7cdeea14986e076690bc310783ed901536861464; expires=Fri, 13-Sep-19 17:57:44 GMT; path=/; domain=.registry.npmjs.org; HttpOnly' ],
20 silly get     'cf-cache-status': 'HIT',
20 silly get     'cache-control': 'max-age=300',
20 silly get     'cf-ray': '459c7f774d2b7fb6-SAN',
20 silly get     etag: 'W/"f8d42bf377590cc604269a5b5a5b8de5"',
20 silly get     'expect-ct': 'max-age=604800, report-uri="https://report-uri.cloudflare.com/cdn-cgi/beacon/expect-ct"',
20 silly get     'last-modified': 'Wed, 12 Sep 2018 18:32:21 GMT',
20 silly get     vary: 'accept-encoding, accept',
20 silly get     'x-amz-meta-rev': '2452-4f7cbb1fa40241eec3ada3fe5d9d28d6',
20 silly get     server: 'cloudflare',
20 silly get     'content-encoding': 'gzip' } ]
21 verbose get saving lodash to /home/brian/.npm/registry.npmjs.org/lodash/.cache.json
22 silly install normalizeTree
23 silly loadCurrentTree Finishing
24 silly loadIdealTree Starting
25 silly install loadIdealTree
26 silly cloneCurrentTree Starting
27 silly install cloneCurrentTreeToIdealTree
28 silly cloneCurrentTree Finishing
29 silly loadShrinkwrap Starting
30 silly install loadShrinkwrap
31 silly loadShrinkwrap Finishing
32 silly loadAllDepsIntoIdealTree Starting
33 silly install loadAllDepsIntoIdealTree
34 silly resolveWithNewModule lodash@4.17.11 checking installable status
35 silly cache add args [ 'lodash', null ]
36 verbose cache add spec lodash
37 silly cache add parsed spec Result {
37 silly cache add   raw: 'lodash',
37 silly cache add   scope: null,
37 silly cache add   name: 'lodash',
37 silly cache add   rawSpec: '',
37 silly cache add   spec: 'latest',
37 silly cache add   type: 'tag' }
38 silly addNamed lodash@latest
39 verbose addNamed "latest" is being treated as a dist-tag for lodash
40 info addNameTag [ 'lodash', 'latest' ]
41 silly mapToRegistry name lodash
42 silly mapToRegistry using default registry
43 silly mapToRegistry registry https://registry.npmjs.org/
44 silly mapToRegistry uri https://registry.npmjs.org/lodash
45 verbose addNameTag registry:https://registry.npmjs.org/lodash not in flight; fetching
46 verbose get https://registry.npmjs.org/lodash not expired, no request
47 silly addNameTag next cb for lodash with tag latest
48 silly addNamed lodash@4.17.11
49 verbose addNamed "4.17.11" is a plain semver version for lodash
50 silly mapToRegistry name lodash
51 silly mapToRegistry using default registry
52 silly mapToRegistry registry https://registry.npmjs.org/
53 silly mapToRegistry uri https://registry.npmjs.org/lodash
54 verbose addRemoteTarball https://registry.npmjs.org/lodash/-/lodash-4.17.11.tgz not in flight; adding
55 verbose addRemoteTarball [ 'https://registry.npmjs.org/lodash/-/lodash-4.17.11.tgz',
55 verbose addRemoteTarball   'b39ea6229ef607ecd89e2c8df12536891cac9b8d' ]
56 info retry fetch attempt 1 at 10:57:44 AM
57 info attempt registry request try #1 at 10:57:44 AM
58 http fetch GET https://registry.npmjs.org/lodash/-/lodash-4.17.11.tgz
59 http fetch 200 https://registry.npmjs.org/lodash/-/lodash-4.17.11.tgz
60 silly fetchAndShaCheck shasum b39ea6229ef607ecd89e2c8df12536891cac9b8d
61 verbose addTmpTarball /tmp/npm-5696-5905c3e8/registry.npmjs.org/lodash/-/lodash-4.17.11.tgz not in flight; adding
62 verbose addTmpTarball already have metadata; skipping unpack for lodash@4.17.11
63 silly cache afterAdd lodash@4.17.11
64 verbose afterAdd /home/brian/.npm/lodash/4.17.11/package/package.json not in flight; writing
65 verbose afterAdd /home/brian/.npm/lodash/4.17.11/package/package.json written
66 silly loadAllDepsIntoIdealTree Finishing
67 silly idealTree:prePrune lib
67 silly idealTree:prePrune └── lodash@4.17.11
68 silly loadIdealTree Finishing
69 silly currentTree lib
70 silly idealTree lib
70 silly idealTree └── lodash@4.17.11
71 silly generateActionsToTake Starting
72 silly install generateActionsToTake
73 warn checkPermissions Missing write access to /usr/local/lib/node_modules
74 silly rollbackFailedOptional Starting
75 silly rollbackFailedOptional Finishing
76 silly runTopLevelLifecycles Starting
77 silly runTopLevelLifecycles Finishing
78 silly install printInstalled
79 verbose stack Error: EACCES: permission denied, access '/usr/local/lib/node_modules'
80 verbose cwd /home/brian/projects/javascript/join
81 error Linux 4.18.7-041807-generic
82 error argv "/usr/bin/node" "/usr/bin/npm" "link" "lodash"
83 error node v8.10.0
84 error npm  v3.5.2
85 error path /usr/local/lib/node_modules
86 error code EACCES
87 error errno -13
88 error syscall access
89 error Error: EACCES: permission denied, access '/usr/local/lib/node_modules'
89 error  { Error: EACCES: permission denied, access '/usr/local/lib/node_modules'
89 error   errno: -13,
89 error   code: 'EACCES',
89 error   syscall: 'access',
89 error   path: '/usr/local/lib/node_modules' }
90 error Please try running this command again as root/Administrator.
91 verbose exit [ -13, true ]
